{"name": "test_prompt_ok_fail", "status": "failed", "statusDetails": {"message": "AssertionError: assert 'You entered: Teszt' == 'You entered: Teszt fail'\n  - You entered: Teszt fail\n  ?                   -----\n  + You entered: Teszt", "trace": "browser = <selenium.webdriver.chrome.webdriver.WebDriver (session=\"7071953ae123284ba58aa645ebb44dcd\")>\n\n    def test_prompt_ok_fail(browser):\n        browser.find_element_by_xpath('//input[@name=\"prompt\"]').click()\n        alert_pop = browser.switch_to.alert\n        alert_pop.send_keys(\"Teszt\")\n        alert_pop.accept()\n>       assert browser.find_element_by_id(\"demo\").text == \"You entered: Teszt fail\"\nE       AssertionError: assert 'You entered: Teszt' == 'You entered: Teszt fail'\nE         - You entered: Teszt fail\nE         ?                   -----\nE         + You entered: Teszt\n\ntest\\test_mypytestfixt.py:51: AssertionError"}, "start": 1627243364452, "stop": 1627243364504, "uuid": "6a6c09bc-f601-4039-9682-35574d52dee1", "historyId": "7025c00bae385239b8b4d0bfd68e7a1f", "testCaseId": "2df7b30315bfd7d898b10113b7ebfbed", "fullName": "test.test_mypytestfixt#test_prompt_ok_fail", "labels": [{"name": "parentSuite", "value": "test"}, {"name": "suite", "value": "test_mypytestfixt"}, {"name": "host", "value": "Nori-PC"}, {"name": "thread", "value": "5884-MainThread"}, {"name": "framework", "value": "pytest"}, {"name": "language", "value": "cpython3"}, {"name": "package", "value": "test.test_mypytestfixt"}]}